<?xml version="1.0" encoding="UTF-8"?>
<!-- Generated by org.testng.reporters.JUnitReportReporter -->
<testsuite hostname="Chumki" failures="0" tests="2" name="PrasenjitDikshit.Tests.ErrorValidationsTest" time="8.693" errors="0" timestamp="2024-02-11T19:28:38 IST" skipped="0">
  <testcase classname="PrasenjitDikshit.Tests.ErrorValidationsTest" name="LoginErrorValidation" time="3.911"/>
  <testcase classname="PrasenjitDikshit.Tests.ErrorValidationsTest" name="ProductErrorValidation" time="4.782"/>
</testsuite> <!-- PrasenjitDikshit.Tests.ErrorValidationsTest -->
