<?xml version="1.0" encoding="UTF-8"?>
<!-- Generated by org.testng.reporters.JUnitReportReporter -->
<testsuite hostname="Chumki" failures="0" tests="2" name="cucumber.TestNGTestRunner" time="17.856" errors="0" timestamp="2024-02-14T01:16:59 IST" skipped="0">
  <testcase classname="cucumber.TestNGTestRunner" name="runScenario" time="12.453"/>
  <testcase classname="cucumber.TestNGTestRunner" name="runScenario" time="5.403"/>
</testsuite> <!-- cucumber.TestNGTestRunner -->
