<?xml version="1.0" encoding="UTF-8"?>
<!-- Generated by org.testng.reporters.JUnitReportReporter -->
<testsuite hostname="Chumki" failures="0" tests="3" name="PrasenjitDikshit.Tests.SubmitOrderTest" time="32.689" errors="0" timestamp="2024-02-14T01:27:10 IST" skipped="0">
  <testcase classname="PrasenjitDikshit.Tests.SubmitOrderTest" name="SubmitOrder" time="15.470"/>
  <testcase classname="PrasenjitDikshit.Tests.SubmitOrderTest" name="OrderHistoryTest" time="4.541"/>
  <testcase classname="PrasenjitDikshit.Tests.SubmitOrderTest" name="SubmitOrder" time="12.678"/>
</testsuite> <!-- PrasenjitDikshit.Tests.SubmitOrderTest -->
