<?xml version="1.0" encoding="UTF-8"?>
<!-- Generated by org.testng.reporters.JUnitReportReporter -->
<testsuite hostname="Chumki" failures="0" tests="2" name="PrasenjitDikshit.Tests.ErrorValidationsTest" time="10.516" errors="0" timestamp="2024-02-14T01:27:10 IST" skipped="0">
  <testcase classname="PrasenjitDikshit.Tests.ErrorValidationsTest" name="ProductErrorValidation" time="6.428"/>
  <testcase classname="PrasenjitDikshit.Tests.ErrorValidationsTest" name="LoginErrorValidation" time="4.088"/>
</testsuite> <!-- PrasenjitDikshit.Tests.ErrorValidationsTest -->
